<?xml version="1.0" encoding="UTF-8"?>
<testng-results skipped="0" failed="0" total="1" passed="1">
  <reporter-output>
    <line>
      <![CDATA[test-output/screenshots\2015_03_22_22_17_19.png]]>
    </line>
    <line>
      <![CDATA[<img src="../test-output/screenshots\2015_03_22_22_17_19.png"/>]]>
    </line>
    <line>
      <![CDATA[]]>
    </line>
  </reporter-output>
  <suite name="Suite" duration-ms="5842" started-at="2015-03-22T14:17:17Z" finished-at="2015-03-22T14:17:23Z">
    <groups>
    </groups>
    <test name="Test" duration-ms="5842" started-at="2015-03-22T14:17:17Z" finished-at="2015-03-22T14:17:23Z">
      <class name="com.github.harrischu.demo.testcase.TestBaidu">
        <test-method status="PASS" signature="Test_01_QueryTest()[pri:0, instance:com.github.harrischu.demo.testcase.TestBaidu@aed0faa]" name="Test_01_QueryTest" duration-ms="3219" started-at="2015-03-22T22:17:17Z" finished-at="2015-03-22T22:17:20Z">
          <reporter-output>
            <line>
              <![CDATA[test-output/screenshots\2015_03_22_22_17_19.png]]>
            </line>
            <line>
              <![CDATA[<img src="../test-output/screenshots\2015_03_22_22_17_19.png"/>]]>
            </line>
            <line>
              <![CDATA[]]>
            </line>
          </reporter-output>
        </test-method> <!-- Test_01_QueryTest -->
        <test-method status="PASS" signature="finish()[pri:0, instance:com.github.harrischu.demo.testcase.TestBaidu@aed0faa]" name="finish" is-config="true" duration-ms="2613" started-at="2015-03-22T22:17:20Z" finished-at="2015-03-22T22:17:23Z">
          <reporter-output>
          </reporter-output>
        </test-method> <!-- finish -->
      </class> <!-- com.github.harrischu.demo.testcase.TestBaidu -->
    </test> <!-- Test -->
  </suite> <!-- Suite -->
</testng-results>
